23-01-2021 12:03:06 INFO FlightsOneWay - clicking flights tab
23-01-2021 12:03:07 INFO FlightsOneWay - clicking 'one-way' in flights tab
23-01-2021 12:03:07 INFO FlightsOneWay - providing origin city for one - way flights # Kozhikode
23-01-2021 12:03:08 INFO FlightsOneWay - providing destination city for one - way flights as Dubai
23-01-2021 12:03:17 INFO FlightsOneWay - Searching flights using Search button
23-01-2021 12:03:29 INFO FlightsOneWay - clicking flights tab
23-01-2021 12:03:29 INFO FlightsOneWay - clicking 'one-way' in flights tab
23-01-2021 12:03:30 INFO FlightsOneWay - providing origin city for one - way flights # Hyderabad
23-01-2021 12:03:31 INFO FlightsOneWay - providing destination city for one - way flights as London
23-01-2021 12:03:34 INFO FlightsOneWay - Searching flights using Search button
23-01-2021 12:03:46 INFO FlightsOneWay - clicking flights tab
23-01-2021 12:03:46 INFO FlightsOneWay - clicking 'one-way' in flights tab
23-01-2021 12:03:47 INFO FlightsOneWay - providing origin city for one - way flights # New Delhi
23-01-2021 12:03:48 INFO FlightsOneWay - providing destination city for one - way flights as Bangkok
23-01-2021 12:03:50 INFO FlightsOneWay - Searching flights using Search button
23-01-2021 12:04:01 INFO FlightsOneWay - clicking flights tab
23-01-2021 12:04:01 INFO FlightsOneWay - clicking 'one-way' in flights tab
23-01-2021 12:04:02 INFO FlightsOneWay - providing origin city for one - way flights # Kolkata
23-01-2021 12:04:02 INFO FlightsOneWay - providing destination city for one - way flights as Tokyo
23-01-2021 12:04:05 INFO FlightsOneWay - Searching flights using Search button
23-01-2021 12:13:28 INFO FlightsOneWay - clicking flights tab
23-01-2021 12:13:28 INFO FlightsOneWay - clicking 'one-way' in flights tab
23-01-2021 12:13:29 INFO FlightsOneWay - providing origin city for one - way flights # Kozhikode
23-01-2021 12:13:29 INFO FlightsOneWay - providing destination city for one - way flights as Dubai
23-01-2021 12:13:43 INFO FlightsOneWay - Searching flights using Search button
23-01-2021 12:13:57 INFO FlightsOneWay - clicking flights tab
23-01-2021 12:13:57 INFO FlightsOneWay - clicking 'one-way' in flights tab
23-01-2021 12:13:57 INFO FlightsOneWay - providing origin city for one - way flights # Mumbai
23-01-2021 12:13:58 INFO FlightsOneWay - providing destination city for one - way flights as Trivandrum
23-01-2021 12:14:03 INFO FlightsOneWay - Searching flights using Search button
23-01-2021 12:14:15 INFO FlightsOneWay - clicking flights tab
23-01-2021 12:14:15 INFO FlightsOneWay - clicking 'one-way' in flights tab
23-01-2021 12:14:16 INFO FlightsOneWay - providing origin city for one - way flights # Chennai
23-01-2021 12:14:16 INFO FlightsOneWay - providing destination city for one - way flights as Chicago
23-01-2021 12:14:24 INFO FlightsOneWay - Searching flights using Search button
23-01-2021 12:14:36 INFO FlightsOneWay - clicking flights tab
23-01-2021 12:14:36 INFO FlightsOneWay - clicking 'one-way' in flights tab
23-01-2021 12:14:36 INFO FlightsOneWay - providing origin city for one - way flights # Bangalore
23-01-2021 12:14:37 INFO FlightsOneWay - providing destination city for one - way flights as Bombay
23-01-2021 12:14:47 INFO FlightsOneWay - Searching flights using Search button
23-01-2021 12:14:59 INFO FlightsOneWay - clicking flights tab
23-01-2021 12:14:59 INFO FlightsOneWay - clicking 'one-way' in flights tab
23-01-2021 12:15:00 INFO FlightsOneWay - providing origin city for one - way flights # Bhubaneswar
23-01-2021 12:15:00 INFO FlightsOneWay - providing destination city for one - way flights as Delhi
23-01-2021 12:15:07 INFO FlightsOneWay - Searching flights using Search button
23-01-2021 12:16:19 INFO FlightsOneWay - clicking flights tab
23-01-2021 12:16:19 INFO FlightsOneWay - clicking 'one-way' in flights tab
23-01-2021 12:16:19 INFO FlightsOneWay - providing origin city for one - way flights # Bangalore
23-01-2021 12:16:20 INFO FlightsOneWay - providing destination city for one - way flights as Bombay
23-01-2021 12:16:29 INFO FlightsOneWay - Searching flights using Search button
23-01-2021 12:16:41 INFO FlightsOneWay - clicking flights tab
23-01-2021 12:16:41 INFO FlightsOneWay - clicking 'one-way' in flights tab
23-01-2021 12:16:42 INFO FlightsOneWay - providing origin city for one - way flights # Bhubaneswar
23-01-2021 12:16:42 INFO FlightsOneWay - providing destination city for one - way flights as Delhi
23-01-2021 12:16:51 INFO FlightsOneWay - Searching flights using Search button
23-01-2021 12:17:45 INFO FlightsOneWay - clicking flights tab
23-01-2021 12:17:45 INFO FlightsOneWay - clicking 'one-way' in flights tab
23-01-2021 12:17:45 INFO FlightsOneWay - providing origin city for one - way flights # Kozhikode
23-01-2021 12:17:46 INFO FlightsOneWay - providing destination city for one - way flights as Dubai
23-01-2021 12:17:56 INFO FlightsOneWay - Searching flights using Search button
