05-12-2019 08:35:48 INFO SearchFlightsOneWay - Launching website in Chrome
05-12-2019 08:36:00 INFO SearchFlightsOneWay - clicking flights tab
05-12-2019 08:36:01 INFO SearchFlightsOneWay - clicking 'one-way' in flights tab
05-12-2019 08:36:02 INFO SearchFlightsOneWay - providing origin city for one - way flights # Delhi to mumbai
05-12-2019 08:36:06 INFO SearchFlightsOneWay - providing destination city for one - way flights # Delhi to mumbai
05-12-2019 08:36:11 INFO SearchFlightsOneWay - Providing departure date # Delhi to mumbai
05-12-2019 08:36:16 INFO SearchFlightsOneWay - clicking on the 'submit' button # Delhi to mumbai
05-12-2019 08:36:28 INFO SearchFlightsOneWay - clicking flights tab
05-12-2019 08:36:28 INFO SearchFlightsOneWay - clicking 'one-way' in flights tab
05-12-2019 08:36:29 INFO SearchFlightsOneWay - providing origin city for one - way flights # new york to delhi
05-12-2019 08:36:33 INFO SearchFlightsOneWay - providing destination city for one - way flights # new york to delhi
05-12-2019 08:36:39 INFO SearchFlightsOneWay - Providing departure date # new york to delhi
05-12-2019 08:44:58 INFO SearchFlightsOneWay - Launching website in Chrome
05-12-2019 08:45:03 INFO SearchFlightsOneWay - clicking flights tab
05-12-2019 08:45:03 INFO SearchFlightsOneWay - clicking 'one-way' in flights tab
05-12-2019 08:45:04 INFO SearchFlightsOneWay - providing origin city for one - way flights # Delhi to mumbai
05-12-2019 08:45:08 INFO SearchFlightsOneWay - providing destination city for one - way flights # Delhi to mumbai
05-12-2019 08:45:14 INFO SearchFlightsOneWay - Providing departure date # Delhi to mumbai
05-12-2019 08:45:25 INFO SearchFlightsOneWay - clicking on the 'submit' button # Delhi to mumbai
05-12-2019 08:45:47 INFO SearchFlightsOneWay - clicking flights tab
05-12-2019 08:45:47 INFO SearchFlightsOneWay - clicking 'one-way' in flights tab
05-12-2019 08:45:48 INFO SearchFlightsOneWay - providing origin city for one - way flights # new york to delhi
05-12-2019 08:45:52 INFO SearchFlightsOneWay - providing destination city for one - way flights # new york to delhi
05-12-2019 08:45:57 INFO SearchFlightsOneWay - Providing departure date # new york to delhi
