31-01-2021 20:01:59 INFO FlightsOneWay - clicking flights tab
31-01-2021 20:01:59 INFO FlightsOneWay - clicking 'one-way' in flights tab
31-01-2021 20:01:59 INFO FlightsOneWay - providing origin city for one - way flights # Kozhikode
31-01-2021 20:01:59 INFO FlightsOneWay - providing destination city for one - way flights as Dubai
31-01-2021 20:02:04 INFO FlightsOneWay - clicking flights tab
31-01-2021 20:02:04 INFO FlightsOneWay - clicking 'one-way' in flights tab
31-01-2021 20:02:04 INFO FlightsOneWay - providing origin city for one - way flights # Mumbai
31-01-2021 20:02:04 INFO FlightsOneWay - providing destination city for one - way flights as Trivandrum
31-01-2021 20:02:08 INFO FlightsOneWay - clicking flights tab
31-01-2021 20:02:08 INFO FlightsOneWay - clicking 'one-way' in flights tab
31-01-2021 20:02:08 INFO FlightsOneWay - providing origin city for one - way flights # Chennai
31-01-2021 20:02:08 INFO FlightsOneWay - providing destination city for one - way flights as Chicago
31-01-2021 20:02:12 INFO FlightsOneWay - clicking flights tab
31-01-2021 20:02:12 INFO FlightsOneWay - clicking 'one-way' in flights tab
31-01-2021 20:02:12 INFO FlightsOneWay - providing origin city for one - way flights # Bangalore
31-01-2021 20:02:12 INFO FlightsOneWay - providing destination city for one - way flights as Bombay
31-01-2021 20:02:16 INFO FlightsOneWay - clicking flights tab
31-01-2021 20:02:16 INFO FlightsOneWay - clicking 'one-way' in flights tab
31-01-2021 20:02:16 INFO FlightsOneWay - providing origin city for one - way flights # Bhubaneswar
31-01-2021 20:02:16 INFO FlightsOneWay - providing destination city for one - way flights as Delhi
31-01-2021 20:09:37 INFO FlightsOneWay - clicking flights tab
31-01-2021 20:09:37 INFO FlightsOneWay - clicking 'one-way' in flights tab
31-01-2021 20:09:37 INFO FlightsOneWay - providing origin city for one - way flights # Kozhikode
31-01-2021 20:09:37 INFO FlightsOneWay - providing destination city for one - way flights as Dubai
31-01-2021 20:09:41 INFO FlightsOneWay - clicking flights tab
31-01-2021 20:09:41 INFO FlightsOneWay - clicking 'one-way' in flights tab
31-01-2021 20:09:41 INFO FlightsOneWay - providing origin city for one - way flights # Mumbai
31-01-2021 20:09:41 INFO FlightsOneWay - providing destination city for one - way flights as Trivandrum
31-01-2021 20:09:45 INFO FlightsOneWay - clicking flights tab
31-01-2021 20:09:45 INFO FlightsOneWay - clicking 'one-way' in flights tab
31-01-2021 20:09:45 INFO FlightsOneWay - providing origin city for one - way flights # Chennai
31-01-2021 20:09:45 INFO FlightsOneWay - providing destination city for one - way flights as Chicago
31-01-2021 20:09:49 INFO FlightsOneWay - clicking flights tab
31-01-2021 20:09:49 INFO FlightsOneWay - clicking 'one-way' in flights tab
31-01-2021 20:09:49 INFO FlightsOneWay - providing origin city for one - way flights # Bangalore
31-01-2021 20:09:49 INFO FlightsOneWay - providing destination city for one - way flights as Bombay
31-01-2021 20:09:53 INFO FlightsOneWay - clicking flights tab
31-01-2021 20:09:53 INFO FlightsOneWay - clicking 'one-way' in flights tab
31-01-2021 20:09:53 INFO FlightsOneWay - providing origin city for one - way flights # Bhubaneswar
31-01-2021 20:09:53 INFO FlightsOneWay - providing destination city for one - way flights as Delhi
31-01-2021 20:21:58 INFO FlightsOneWay - clicking flights tab
31-01-2021 20:21:58 INFO FlightsOneWay - clicking 'one-way' in flights tab
31-01-2021 20:21:58 INFO FlightsOneWay - providing origin city for one - way flights # Kozhikode
31-01-2021 20:21:58 INFO FlightsOneWay - providing destination city for one - way flights as Dubai
31-01-2021 20:22:02 INFO FlightsOneWay - clicking flights tab
31-01-2021 20:22:02 INFO FlightsOneWay - clicking 'one-way' in flights tab
31-01-2021 20:22:02 INFO FlightsOneWay - providing origin city for one - way flights # Mumbai
31-01-2021 20:22:02 INFO FlightsOneWay - providing destination city for one - way flights as Trivandrum
31-01-2021 20:22:07 INFO FlightsOneWay - clicking flights tab
31-01-2021 20:22:07 INFO FlightsOneWay - clicking 'one-way' in flights tab
31-01-2021 20:22:07 INFO FlightsOneWay - providing origin city for one - way flights # Chennai
31-01-2021 20:22:07 INFO FlightsOneWay - providing destination city for one - way flights as Chicago
31-01-2021 20:22:11 INFO FlightsOneWay - clicking flights tab
31-01-2021 20:22:11 INFO FlightsOneWay - clicking 'one-way' in flights tab
31-01-2021 20:22:11 INFO FlightsOneWay - providing origin city for one - way flights # Bangalore
31-01-2021 20:22:11 INFO FlightsOneWay - providing destination city for one - way flights as Bombay
31-01-2021 20:22:15 INFO FlightsOneWay - clicking flights tab
31-01-2021 20:22:15 INFO FlightsOneWay - clicking 'one-way' in flights tab
31-01-2021 20:22:15 INFO FlightsOneWay - providing origin city for one - way flights # Bhubaneswar
31-01-2021 20:22:15 INFO FlightsOneWay - providing destination city for one - way flights as Delhi
31-01-2021 20:31:23 INFO FlightsOneWay - clicking flights tab
31-01-2021 20:31:23 INFO FlightsOneWay - clicking 'one-way' in flights tab
31-01-2021 20:31:23 INFO FlightsOneWay - providing origin city for one - way flights # Kozhikode
31-01-2021 20:31:23 INFO FlightsOneWay - providing destination city for one - way flights as Dubai
31-01-2021 20:31:27 INFO FlightsOneWay - clicking flights tab
31-01-2021 20:31:27 INFO FlightsOneWay - clicking 'one-way' in flights tab
31-01-2021 20:31:27 INFO FlightsOneWay - providing origin city for one - way flights # Mumbai
31-01-2021 20:31:27 INFO FlightsOneWay - providing destination city for one - way flights as Trivandrum
31-01-2021 20:31:31 INFO FlightsOneWay - clicking flights tab
31-01-2021 20:31:31 INFO FlightsOneWay - clicking 'one-way' in flights tab
31-01-2021 20:31:31 INFO FlightsOneWay - providing origin city for one - way flights # Chennai
31-01-2021 20:31:31 INFO FlightsOneWay - providing destination city for one - way flights as Chicago
31-01-2021 20:31:35 INFO FlightsOneWay - clicking flights tab
31-01-2021 20:31:35 INFO FlightsOneWay - clicking 'one-way' in flights tab
31-01-2021 20:31:35 INFO FlightsOneWay - providing origin city for one - way flights # Bangalore
31-01-2021 20:31:35 INFO FlightsOneWay - providing destination city for one - way flights as Bombay
31-01-2021 20:31:39 INFO FlightsOneWay - clicking flights tab
31-01-2021 20:31:39 INFO FlightsOneWay - clicking 'one-way' in flights tab
31-01-2021 20:31:39 INFO FlightsOneWay - providing origin city for one - way flights # Bhubaneswar
31-01-2021 20:31:39 INFO FlightsOneWay - providing destination city for one - way flights as Delhi
31-01-2021 20:43:05 INFO FlightsOneWay - clicking flights tab
31-01-2021 20:43:05 INFO FlightsOneWay - clicking 'one-way' in flights tab
31-01-2021 20:43:05 INFO FlightsOneWay - providing origin city for one - way flights # Kozhikode
31-01-2021 20:43:05 INFO FlightsOneWay - providing destination city for one - way flights as Dubai
31-01-2021 20:43:09 INFO FlightsOneWay - clicking flights tab
31-01-2021 20:43:09 INFO FlightsOneWay - clicking 'one-way' in flights tab
31-01-2021 20:43:09 INFO FlightsOneWay - providing origin city for one - way flights # Mumbai
31-01-2021 20:43:09 INFO FlightsOneWay - providing destination city for one - way flights as Trivandrum
31-01-2021 20:43:13 INFO FlightsOneWay - clicking flights tab
31-01-2021 20:43:13 INFO FlightsOneWay - clicking 'one-way' in flights tab
31-01-2021 20:43:13 INFO FlightsOneWay - providing origin city for one - way flights # Chennai
31-01-2021 20:43:13 INFO FlightsOneWay - providing destination city for one - way flights as Chicago
31-01-2021 20:43:17 INFO FlightsOneWay - clicking flights tab
31-01-2021 20:43:17 INFO FlightsOneWay - clicking 'one-way' in flights tab
31-01-2021 20:43:17 INFO FlightsOneWay - providing origin city for one - way flights # Bangalore
31-01-2021 20:43:17 INFO FlightsOneWay - providing destination city for one - way flights as Bombay
31-01-2021 20:43:21 INFO FlightsOneWay - clicking flights tab
31-01-2021 20:43:21 INFO FlightsOneWay - clicking 'one-way' in flights tab
31-01-2021 20:43:21 INFO FlightsOneWay - providing origin city for one - way flights # Bhubaneswar
31-01-2021 20:43:21 INFO FlightsOneWay - providing destination city for one - way flights as Delhi
31-01-2021 20:54:11 INFO FlightsOneWay - clicking flights tab
31-01-2021 20:54:11 INFO FlightsOneWay - clicking 'one-way' in flights tab
31-01-2021 20:54:11 INFO FlightsOneWay - providing origin city for one - way flights # Kozhikode
31-01-2021 20:54:11 INFO FlightsOneWay - providing destination city for one - way flights as Dubai
31-01-2021 20:54:15 INFO FlightsOneWay - clicking flights tab
31-01-2021 20:54:15 INFO FlightsOneWay - clicking 'one-way' in flights tab
31-01-2021 20:54:15 INFO FlightsOneWay - providing origin city for one - way flights # Mumbai
31-01-2021 20:54:15 INFO FlightsOneWay - providing destination city for one - way flights as Trivandrum
31-01-2021 20:54:19 INFO FlightsOneWay - clicking flights tab
31-01-2021 20:54:19 INFO FlightsOneWay - clicking 'one-way' in flights tab
31-01-2021 20:54:19 INFO FlightsOneWay - providing origin city for one - way flights # Chennai
31-01-2021 20:54:19 INFO FlightsOneWay - providing destination city for one - way flights as Chicago
31-01-2021 20:54:23 INFO FlightsOneWay - clicking flights tab
31-01-2021 20:54:23 INFO FlightsOneWay - clicking 'one-way' in flights tab
31-01-2021 20:54:23 INFO FlightsOneWay - providing origin city for one - way flights # Bangalore
31-01-2021 20:54:23 INFO FlightsOneWay - providing destination city for one - way flights as Bombay
31-01-2021 20:54:27 INFO FlightsOneWay - clicking flights tab
31-01-2021 20:54:27 INFO FlightsOneWay - clicking 'one-way' in flights tab
31-01-2021 20:54:27 INFO FlightsOneWay - providing origin city for one - way flights # Bhubaneswar
31-01-2021 20:54:27 INFO FlightsOneWay - providing destination city for one - way flights as Delhi
31-01-2021 20:59:09 INFO FlightsOneWay - clicking flights tab
31-01-2021 20:59:09 INFO FlightsOneWay - clicking 'one-way' in flights tab
31-01-2021 20:59:09 INFO FlightsOneWay - providing origin city for one - way flights # Kozhikode
31-01-2021 20:59:10 INFO FlightsOneWay - providing destination city for one - way flights as Dubai
31-01-2021 20:59:22 INFO FlightsOneWay - clicking flights tab
31-01-2021 20:59:22 INFO FlightsOneWay - clicking 'one-way' in flights tab
31-01-2021 20:59:22 INFO FlightsOneWay - providing origin city for one - way flights # Mumbai
31-01-2021 20:59:22 INFO FlightsOneWay - providing destination city for one - way flights as Trivandrum
31-01-2021 21:00:27 INFO FlightsOneWay - clicking flights tab
31-01-2021 21:00:27 INFO FlightsOneWay - clicking 'one-way' in flights tab
31-01-2021 21:00:28 INFO FlightsOneWay - providing origin city for one - way flights # Kozhikode
31-01-2021 21:00:28 INFO FlightsOneWay - providing destination city for one - way flights as Dubai
31-01-2021 21:00:43 INFO FlightsOneWay - clicking flights tab
31-01-2021 21:00:46 INFO FlightsOneWay - clicking 'one-way' in flights tab
31-01-2021 21:00:56 INFO FlightsOneWay - providing origin city for one - way flights # Mumbai
31-01-2021 21:01:05 INFO FlightsOneWay - providing destination city for one - way flights as Trivandrum
31-01-2021 21:01:31 INFO FlightsOneWay - clicking flights tab
31-01-2021 21:01:34 INFO FlightsOneWay - clicking 'one-way' in flights tab
31-01-2021 21:01:43 INFO FlightsOneWay - providing origin city for one - way flights # Chennai
31-01-2021 21:01:53 INFO FlightsOneWay - providing destination city for one - way flights as Chicago
31-01-2021 21:02:19 INFO FlightsOneWay - clicking flights tab
31-01-2021 21:02:22 INFO FlightsOneWay - clicking 'one-way' in flights tab
31-01-2021 21:02:31 INFO FlightsOneWay - providing origin city for one - way flights # Bangalore
31-01-2021 21:02:41 INFO FlightsOneWay - providing destination city for one - way flights as Bombay
31-01-2021 21:03:07 INFO FlightsOneWay - clicking flights tab
31-01-2021 21:03:10 INFO FlightsOneWay - clicking 'one-way' in flights tab
31-01-2021 21:03:23 INFO FlightsOneWay - providing origin city for one - way flights # Bhubaneswar
31-01-2021 21:21:25 INFO FlightsOneWay - clicking flights tab
31-01-2021 21:21:26 INFO FlightsOneWay - clicking 'one-way' in flights tab
31-01-2021 21:21:27 INFO FlightsOneWay - providing origin city for one - way flights # Kozhikode
31-01-2021 21:21:27 INFO FlightsOneWay - providing destination city for one - way flights as Dubai
31-01-2021 21:26:44 INFO FlightsOneWay - clicking flights tab
31-01-2021 21:26:44 INFO FlightsOneWay - clicking 'one-way' in flights tab
31-01-2021 21:26:44 INFO FlightsOneWay - providing origin city for one - way flights # Kozhikode
31-01-2021 21:26:45 INFO FlightsOneWay - providing destination city for one - way flights as Dubai
31-01-2021 21:39:14 INFO FlightsOneWay - clicking flights tab
31-01-2021 21:39:19 INFO FlightsOneWay - clicking 'one-way' in flights tab
31-01-2021 21:39:25 INFO FlightsOneWay - providing origin city for one - way flights # Kozhikode
31-01-2021 21:39:30 INFO FlightsOneWay - providing destination city for one - way flights as Dubai
31-01-2021 21:50:54 INFO FlightsOneWay - clicking flights tab
31-01-2021 21:50:55 INFO FlightsOneWay - clicking 'one-way' in flights tab
31-01-2021 21:50:55 INFO FlightsOneWay - providing origin city for one - way flights # Kozhikode
31-01-2021 21:50:56 INFO FlightsOneWay - providing destination city for one - way flights as Dubai
31-01-2021 21:57:14 INFO FlightsOneWay - clicking flights tab
31-01-2021 21:57:14 INFO FlightsOneWay - clicking 'one-way' in flights tab
31-01-2021 21:57:15 INFO FlightsOneWay - providing origin city for one - way flights # Kozhikode
31-01-2021 21:57:15 INFO FlightsOneWay - providing destination city for one - way flights as Dubai
31-01-2021 22:19:44 INFO FlightsOneWay - clicking flights tab
31-01-2021 22:19:44 INFO FlightsOneWay - clicking 'one-way' in flights tab
31-01-2021 22:19:44 INFO FlightsOneWay - providing origin city for one - way flights # Kozhikode
31-01-2021 22:19:45 INFO FlightsOneWay - providing destination city for one - way flights as Dubai
31-01-2021 22:19:54 INFO FlightsOneWay - Searching flights using Search button
