26-12-2019 10:36:58 INFO SearchFlightsOneWay - Launching website in Chrome
26-12-2019 10:37:06 INFO SearchFlightsOneWay - clicking flights tab
26-12-2019 10:37:06 INFO SearchFlightsOneWay - clicking 'one-way' in flights tab
26-12-2019 10:37:08 INFO SearchFlightsOneWay - providing origin city for one - way flights # Bengaluru to Mumbai
26-12-2019 10:37:11 INFO SearchFlightsOneWay - providing destination city for one - way flights # Bengaluru to Mumbai
26-12-2019 10:38:18 INFO SearchFlightsOneWay - Launching website in Chrome
26-12-2019 10:38:24 INFO SearchFlightsOneWay - clicking flights tab
26-12-2019 10:38:24 INFO SearchFlightsOneWay - clicking 'one-way' in flights tab
26-12-2019 10:38:26 INFO SearchFlightsOneWay - providing origin city for one - way flights # Bengaluru to Mumbai
26-12-2019 10:38:31 INFO SearchFlightsOneWay - providing destination city for one - way flights # Bengaluru to Mumbai
26-12-2019 10:38:37 INFO SearchFlightsOneWay - Providing departure date # Bengaluru to Mumbai
26-12-2019 10:39:40 INFO SearchFlightsOneWay - Launching website in Chrome
26-12-2019 10:39:46 INFO SearchFlightsOneWay - clicking flights tab
26-12-2019 10:39:46 INFO SearchFlightsOneWay - clicking 'one-way' in flights tab
26-12-2019 10:39:47 INFO SearchFlightsOneWay - providing origin city for one - way flights # Bengaluru to Mumbai
26-12-2019 10:39:51 INFO SearchFlightsOneWay - providing destination city for one - way flights # Bengaluru to Mumbai
26-12-2019 10:39:57 INFO SearchFlightsOneWay - Providing departure date # Bengaluru to Mumbai
26-12-2019 10:41:08 INFO SearchFlightsOneWay - Launching website in Chrome
26-12-2019 10:41:14 INFO SearchFlightsOneWay - clicking flights tab
26-12-2019 10:41:14 INFO SearchFlightsOneWay - clicking 'one-way' in flights tab
26-12-2019 10:41:15 INFO SearchFlightsOneWay - providing origin city for one - way flights # Bengaluru to Mumbai
26-12-2019 10:41:20 INFO SearchFlightsOneWay - providing destination city for one - way flights # Bengaluru to Mumbai
26-12-2019 10:41:26 INFO SearchFlightsOneWay - Providing departure date # Bengaluru to Mumbai
26-12-2019 10:43:14 INFO SearchFlightsOneWay - Launching website in Chrome
26-12-2019 10:43:19 INFO SearchFlightsOneWay - clicking flights tab
26-12-2019 10:43:19 INFO SearchFlightsOneWay - clicking 'one-way' in flights tab
26-12-2019 10:43:21 INFO SearchFlightsOneWay - providing origin city for one - way flights # Bengaluru to Mumbai
26-12-2019 10:43:25 INFO SearchFlightsOneWay - providing destination city for one - way flights # Bengaluru to Mumbai
26-12-2019 10:43:31 INFO SearchFlightsOneWay - Providing departure date # Bengaluru to Mumbai
26-12-2019 10:48:18 INFO SearchFlightsOneWay - Launching website in Chrome
26-12-2019 10:48:24 INFO SearchFlightsOneWay - clicking flights tab
26-12-2019 10:48:24 INFO SearchFlightsOneWay - clicking 'one-way' in flights tab
26-12-2019 10:48:26 INFO SearchFlightsOneWay - providing origin city for one - way flights # Bengaluru to Mumbai
26-12-2019 10:48:29 INFO SearchFlightsOneWay - providing destination city for one - way flights # Bengaluru to Mumbai
26-12-2019 10:48:35 INFO SearchFlightsOneWay - Providing departure date # Bengaluru to Mumbai
26-12-2019 10:50:59 INFO SearchFlightsOneWay - Launching website in Chrome
26-12-2019 10:51:05 INFO SearchFlightsOneWay - clicking flights tab
26-12-2019 10:51:05 INFO SearchFlightsOneWay - clicking 'one-way' in flights tab
26-12-2019 10:51:07 INFO SearchFlightsOneWay - providing origin city for one - way flights # Bengaluru to Mumbai
26-12-2019 10:51:12 INFO SearchFlightsOneWay - providing destination city for one - way flights # Bengaluru to Mumbai
26-12-2019 10:51:17 INFO SearchFlightsOneWay - Providing departure date # Bengaluru to Mumbai
