26-07-2020 17:07:35 INFO SearchFlightsOneWay - Launching website in Chrome
26-07-2020 17:07:47 INFO SearchFlightsOneWay - clicking flights tab
26-07-2020 17:07:47 INFO SearchFlightsOneWay - clicking 'one-way' in flights tab
26-07-2020 17:07:48 INFO SearchFlightsOneWay - providing origin city for one - way flights # Bengaluru to Mumbai
26-07-2020 17:07:52 INFO SearchFlightsOneWay - providing destination city for one - way flights # Bengaluru to Mumbai
26-07-2020 17:07:59 INFO SearchFlightsOneWay - Providing departure date # Bengaluru to Mumbai
26-07-2020 17:08:08 INFO SearchFlightsOneWay - clicking on the 'submit' button # Bengaluru to Mumbai
26-07-2020 17:08:19 INFO SearchFlightsOneWay - clicking flights tab
26-07-2020 17:08:19 INFO SearchFlightsOneWay - clicking 'one-way' in flights tab
26-07-2020 17:08:27 INFO SearchFlightsOneWay - clicking flights tab
26-07-2020 17:08:27 INFO SearchFlightsOneWay - clicking 'one-way' in flights tab
26-07-2020 17:08:35 INFO SearchFlightsOneWay - clicking flights tab
26-07-2020 17:08:35 INFO SearchFlightsOneWay - clicking 'one-way' in flights tab
26-07-2020 17:08:42 INFO SearchFlightsOneWay - clicking flights tab
26-07-2020 17:08:42 INFO SearchFlightsOneWay - clicking 'one-way' in flights tab
26-07-2020 17:45:56 INFO SearchFlightsOneWay - Launching website in Chrome
26-07-2020 17:46:04 INFO SearchFlightsOneWay - clicking flights tab
26-07-2020 17:46:04 INFO SearchFlightsOneWay - clicking 'one-way' in flights tab
26-07-2020 17:46:05 INFO SearchFlightsOneWay - providing origin city for one - way flights # Bengaluru to Mumbai
26-07-2020 17:46:09 INFO SearchFlightsOneWay - providing destination city for one - way flights # Bengaluru to Mumbai
26-07-2020 17:46:16 INFO SearchFlightsOneWay - Providing departure date # Bengaluru to Mumbai
26-07-2020 17:46:29 INFO SearchFlightsOneWay - clicking on the 'submit' button # Bengaluru to Mumbai
26-07-2020 17:46:39 INFO SearchFlightsOneWay - clicking flights tab
26-07-2020 17:46:39 INFO SearchFlightsOneWay - clicking 'one-way' in flights tab
26-07-2020 17:46:47 INFO SearchFlightsOneWay - clicking flights tab
26-07-2020 17:46:47 INFO SearchFlightsOneWay - clicking 'one-way' in flights tab
26-07-2020 17:46:55 INFO SearchFlightsOneWay - clicking flights tab
26-07-2020 17:46:55 INFO SearchFlightsOneWay - clicking 'one-way' in flights tab
26-07-2020 17:47:02 INFO SearchFlightsOneWay - clicking flights tab
26-07-2020 17:47:02 INFO SearchFlightsOneWay - clicking 'one-way' in flights tab
26-07-2020 18:01:48 INFO SearchFlightsOneWay - Launching website in Chrome
26-07-2020 18:01:53 INFO SearchFlightsOneWay - clicking flights tab
26-07-2020 18:01:54 INFO SearchFlightsOneWay - clicking 'one-way' in flights tab
26-07-2020 18:01:54 INFO SearchFlightsOneWay - providing origin city for one - way flights # Bengaluru to Mumbai
26-07-2020 18:01:58 INFO SearchFlightsOneWay - providing destination city for one - way flights # Bengaluru to Mumbai
26-07-2020 18:02:05 INFO SearchFlightsOneWay - Providing departure date # Bengaluru to Mumbai
26-07-2020 18:02:14 INFO SearchFlightsOneWay - clicking on the 'submit' button # Bengaluru to Mumbai
26-07-2020 18:18:56 INFO SearchFlightsOneWay - Launching website in Chrome
26-07-2020 18:19:13 INFO SearchFlightsOneWay - clicking flights tab
26-07-2020 18:19:13 INFO SearchFlightsOneWay - clicking 'one-way' in flights tab
26-07-2020 18:19:18 INFO SearchFlightsOneWay - clicking flights tab
26-07-2020 18:19:18 INFO SearchFlightsOneWay - clicking 'one-way' in flights tab
26-07-2020 18:19:20 INFO SearchFlightsOneWay - providing origin city for one - way flights # Bhubaneshwar to hyderabad
26-07-2020 18:19:23 INFO SearchFlightsOneWay - providing destination city for one - way flights # Bhubaneshwar to hyderabad
26-07-2020 18:19:30 INFO SearchFlightsOneWay - Providing departure date # Bhubaneshwar to hyderabad
26-07-2020 18:19:36 INFO SearchFlightsOneWay - clicking on the 'submit' button # Bhubaneshwar to hyderabad
26-07-2020 18:21:06 INFO SearchFlightsOneWay - Launching website in Chrome
26-07-2020 18:21:12 INFO SearchFlightsOneWay - clicking flights tab
26-07-2020 18:21:12 INFO SearchFlightsOneWay - clicking 'one-way' in flights tab
26-07-2020 18:21:17 INFO SearchFlightsOneWay - clicking flights tab
26-07-2020 18:21:18 INFO SearchFlightsOneWay - clicking 'one-way' in flights tab
26-07-2020 18:21:19 INFO SearchFlightsOneWay - providing origin city for one - way flights # Bhubaneshwar to hyderabad
26-07-2020 18:21:23 INFO SearchFlightsOneWay - providing destination city for one - way flights # Bhubaneshwar to hyderabad
26-07-2020 18:21:30 INFO SearchFlightsOneWay - Providing departure date # Bhubaneshwar to hyderabad
26-07-2020 18:21:35 INFO SearchFlightsOneWay - clicking on the 'submit' button # Bhubaneshwar to hyderabad
26-07-2020 18:21:50 INFO SearchFlightsOneWay - clicking flights tab
26-07-2020 18:21:50 INFO SearchFlightsOneWay - clicking 'one-way' in flights tab
26-07-2020 18:21:57 INFO SearchFlightsOneWay - clicking flights tab
26-07-2020 18:21:58 INFO SearchFlightsOneWay - clicking 'one-way' in flights tab
26-07-2020 18:22:05 INFO SearchFlightsOneWay - clicking flights tab
26-07-2020 18:22:05 INFO SearchFlightsOneWay - clicking 'one-way' in flights tab
26-07-2020 18:23:11 INFO SearchFlightsOneWay - Launching website in Chrome
26-07-2020 18:23:18 INFO SearchFlightsOneWay - clicking flights tab
26-07-2020 18:23:18 INFO SearchFlightsOneWay - clicking 'one-way' in flights tab
26-07-2020 18:23:21 INFO SearchFlightsOneWay - providing origin city for one - way flights # Bengaluru to Mumbai
26-07-2020 18:23:25 INFO SearchFlightsOneWay - providing destination city for one - way flights # Bengaluru to Mumbai
26-07-2020 18:23:31 INFO SearchFlightsOneWay - Providing departure date # Bengaluru to Mumbai
26-07-2020 18:23:45 INFO SearchFlightsOneWay - clicking on the 'submit' button # Bengaluru to Mumbai
26-07-2020 18:23:54 INFO SearchFlightsOneWay - clicking flights tab
26-07-2020 18:23:55 INFO SearchFlightsOneWay - clicking 'one-way' in flights tab
26-07-2020 18:24:02 INFO SearchFlightsOneWay - clicking flights tab
26-07-2020 18:24:02 INFO SearchFlightsOneWay - clicking 'one-way' in flights tab
26-07-2020 18:24:10 INFO SearchFlightsOneWay - clicking flights tab
26-07-2020 18:24:10 INFO SearchFlightsOneWay - clicking 'one-way' in flights tab
26-07-2020 18:24:17 INFO SearchFlightsOneWay - clicking flights tab
26-07-2020 18:24:18 INFO SearchFlightsOneWay - clicking 'one-way' in flights tab
26-07-2020 18:27:21 INFO SearchFlightsOneWay - Launching website in Chrome
26-07-2020 18:27:27 INFO SearchFlightsOneWay - clicking flights tab
26-07-2020 18:27:27 INFO SearchFlightsOneWay - clicking 'one-way' in flights tab
26-07-2020 18:27:32 INFO SearchFlightsOneWay - clicking flights tab
26-07-2020 18:27:32 INFO SearchFlightsOneWay - clicking 'one-way' in flights tab
26-07-2020 18:27:34 INFO SearchFlightsOneWay - providing origin city for one - way flights # Bhubaneshwar to hyderabad
26-07-2020 18:27:38 INFO SearchFlightsOneWay - providing destination city for one - way flights # Bhubaneshwar to hyderabad
26-07-2020 18:27:44 INFO SearchFlightsOneWay - Providing departure date # Bhubaneshwar to hyderabad
26-07-2020 18:27:53 INFO SearchFlightsOneWay - clicking on the 'submit' button # Bhubaneshwar to hyderabad
26-07-2020 18:28:03 INFO SearchFlightsOneWay - clicking flights tab
26-07-2020 18:28:03 INFO SearchFlightsOneWay - clicking 'one-way' in flights tab
26-07-2020 18:28:04 INFO SearchFlightsOneWay - providing origin city for one - way flights # delhi to Chennai
26-07-2020 18:28:08 INFO SearchFlightsOneWay - providing destination city for one - way flights # delhi to Chennai
26-07-2020 18:28:24 INFO SearchFlightsOneWay - Providing departure date # delhi to Chennai
26-07-2020 18:28:32 INFO SearchFlightsOneWay - clicking on the 'submit' button # delhi to Chennai
26-07-2020 18:28:40 INFO SearchFlightsOneWay - clicking flights tab
26-07-2020 18:28:41 INFO SearchFlightsOneWay - clicking 'one-way' in flights tab
26-07-2020 18:28:46 INFO SearchFlightsOneWay - clicking flights tab
26-07-2020 18:28:46 INFO SearchFlightsOneWay - clicking 'one-way' in flights tab
26-07-2020 18:28:47 INFO SearchFlightsOneWay - providing origin city for one - way flights # Delhi to mumbai
26-07-2020 18:28:51 INFO SearchFlightsOneWay - providing destination city for one - way flights # Delhi to mumbai
