22-11-2019 08:46:06 INFO SearchFlightsOneWay - Launching website in Chrome
22-11-2019 08:46:13 INFO SearchFlightsOneWay - clicking flights tab
22-11-2019 08:46:13 INFO SearchFlightsOneWay - clicking 'one-way' in flights tab
22-11-2019 08:46:14 INFO SearchFlightsOneWay - providing origin city for one - way flights # Bengaluru to Mumbai
22-11-2019 08:46:18 INFO SearchFlightsOneWay - providing destination city for one - way flights # Bengaluru to Mumbai
22-11-2019 08:46:24 INFO SearchFlightsOneWay - Providing departure date # Bengaluru to Mumbai
22-11-2019 08:46:32 INFO SearchFlightsOneWay - clicking on the 'submit' button # Bengaluru to Mumbai
22-11-2019 08:46:45 INFO SearchFlightsOneWay - clicking flights tab
22-11-2019 08:46:45 INFO SearchFlightsOneWay - clicking 'one-way' in flights tab
22-11-2019 08:46:46 INFO SearchFlightsOneWay - providing origin city for one - way flights # Bhubaneshwar to hyderabad
22-11-2019 08:46:50 INFO SearchFlightsOneWay - providing destination city for one - way flights # Bhubaneshwar to hyderabad
22-11-2019 08:46:58 INFO SearchFlightsOneWay - Providing departure date # Bhubaneshwar to hyderabad
22-11-2019 08:47:04 INFO SearchFlightsOneWay - clicking on the 'submit' button # Bhubaneshwar to hyderabad
22-11-2019 08:47:15 INFO SearchFlightsOneWay - clicking flights tab
22-11-2019 08:47:15 INFO SearchFlightsOneWay - clicking 'one-way' in flights tab
22-11-2019 08:47:16 INFO SearchFlightsOneWay - providing origin city for one - way flights # New Delhi to Chennai
22-11-2019 08:47:20 INFO SearchFlightsOneWay - providing destination city for one - way flights # New Delhi to Chennai
22-11-2019 08:47:26 INFO SearchFlightsOneWay - Providing departure date # New Delhi to Chennai
22-11-2019 08:47:37 INFO SearchFlightsOneWay - clicking on the 'submit' button # New Delhi to Chennai
22-11-2019 08:47:51 INFO SearchFlightsOneWay - clicking flights tab
22-11-2019 08:47:51 INFO SearchFlightsOneWay - clicking 'one-way' in flights tab
22-11-2019 08:47:52 INFO SearchFlightsOneWay - providing origin city for one - way flights # Chennai to Trivandrum
22-11-2019 08:47:56 INFO SearchFlightsOneWay - providing destination city for one - way flights # Chennai to Trivandrum
22-11-2019 08:48:01 INFO SearchFlightsOneWay - Providing departure date # Chennai to Trivandrum
22-11-2019 08:48:10 INFO SearchFlightsOneWay - clicking on the 'submit' button # Chennai to Trivandrum
22-11-2019 08:48:21 INFO SearchFlightsOneWay - clicking flights tab
22-11-2019 08:48:21 INFO SearchFlightsOneWay - clicking 'one-way' in flights tab
22-11-2019 08:48:22 INFO SearchFlightsOneWay - providing origin city for one - way flights # new delhi to mumbai
22-11-2019 08:48:25 INFO SearchFlightsOneWay - providing destination city for one - way flights # new delhi to mumbai
