24-11-2019 10:16:02 INFO SearchFlightsOneWay - Launching website in Chrome
24-11-2019 10:16:08 INFO SearchFlightsOneWay - clicking flights tab
24-11-2019 10:16:09 INFO SearchFlightsOneWay - clicking 'one-way' in flights tab
24-11-2019 10:16:10 INFO SearchFlightsOneWay - providing origin city for one - way flights # Delhi to mumbai
24-11-2019 10:16:14 INFO SearchFlightsOneWay - providing destination city for one - way flights # Delhi to mumbai
24-11-2019 10:16:23 INFO SearchFlightsOneWay - Providing departure date # Delhi to mumbai
24-11-2019 10:16:30 INFO SearchFlightsOneWay - clicking on the 'submit' button # Delhi to mumbai
24-11-2019 10:18:40 INFO SearchFlightsOneWay - Launching website in Chrome
24-11-2019 10:18:45 INFO SearchFlightsOneWay - clicking flights tab
24-11-2019 10:18:45 INFO SearchFlightsOneWay - clicking 'one-way' in flights tab
24-11-2019 10:18:47 INFO SearchFlightsOneWay - providing origin city for one - way flights # Delhi to mumbai
24-11-2019 10:18:50 INFO SearchFlightsOneWay - providing destination city for one - way flights # Delhi to mumbai
24-11-2019 10:18:59 INFO SearchFlightsOneWay - Providing departure date # Delhi to mumbai
24-11-2019 10:19:09 INFO SearchFlightsOneWay - clicking on the 'submit' button # Delhi to mumbai
24-11-2019 10:21:59 INFO SearchFlightsOneWay - Launching website in Chrome
24-11-2019 10:22:05 INFO SearchFlightsOneWay - clicking flights tab
24-11-2019 10:22:05 INFO SearchFlightsOneWay - clicking 'one-way' in flights tab
24-11-2019 10:22:06 INFO SearchFlightsOneWay - providing origin city for one - way flights # Delhi to mumbai
24-11-2019 10:22:10 INFO SearchFlightsOneWay - providing destination city for one - way flights # Delhi to mumbai
24-11-2019 10:22:19 INFO SearchFlightsOneWay - Providing departure date # Delhi to mumbai
24-11-2019 10:22:34 INFO SearchFlightsOneWay - clicking on the 'submit' button # Delhi to mumbai
