20-12-2020 17:01:54 INFO SearchFlightsOneWay - clicking flights tab
20-12-2020 17:01:54 INFO SearchFlightsOneWay - clicking 'one-way' in flights tab
20-12-2020 17:01:55 INFO SearchFlightsOneWay - providing origin city for one - way flights # Kozhikode
20-12-2020 17:01:55 INFO SearchFlightsOneWay - providing destination city for one - way flights as Dubai
20-12-2020 17:01:59 INFO SearchFlightsOneWay - Searching flights using Search button
20-12-2020 17:02:12 INFO SearchFlightsOneWay - clicking flights tab
20-12-2020 17:02:12 INFO SearchFlightsOneWay - clicking 'one-way' in flights tab
20-12-2020 17:02:13 INFO SearchFlightsOneWay - providing origin city for one - way flights # Kozhikode
20-12-2020 17:02:13 INFO SearchFlightsOneWay - providing destination city for one - way flights as Dubai
20-12-2020 17:02:15 INFO SearchFlightsOneWay - Providing departure date
20-12-2020 17:02:18 INFO SearchFlightsOneWay - Searching flights using Search button
20-12-2020 20:55:46 INFO FlightsOneWay - clicking flights tab
20-12-2020 20:55:46 INFO FlightsOneWay - clicking 'one-way' in flights tab
20-12-2020 20:55:47 INFO FlightsOneWay - providing origin city for one - way flights # Kozhikode
20-12-2020 20:55:47 INFO FlightsOneWay - providing destination city for one - way flights as Dubai
20-12-2020 20:55:52 INFO FlightsOneWay - Searching flights using Search button
20-12-2020 20:56:12 INFO FlightsOneWay - clicking flights tab
20-12-2020 20:56:12 INFO FlightsOneWay - clicking 'one-way' in flights tab
20-12-2020 20:56:13 INFO FlightsOneWay - providing origin city for one - way flights # Kozhikode
20-12-2020 20:56:13 INFO FlightsOneWay - providing destination city for one - way flights as Dubai
20-12-2020 20:56:15 INFO FlightsOneWay - Providing departure date
20-12-2020 20:56:21 INFO FlightsOneWay - Searching flights using Search button
