13-07-2020 10:23:51 INFO SearchFlightsOneWay - Launching website in Chrome
13-07-2020 10:24:06 INFO SearchFlightsOneWay - clicking flights tab
13-07-2020 10:24:07 INFO SearchFlightsOneWay - clicking 'one-way' in flights tab
13-07-2020 10:24:08 INFO SearchFlightsOneWay - providing origin city for one - way flights # Bengaluru to Mumbai
13-07-2020 10:24:12 INFO SearchFlightsOneWay - providing destination city for one - way flights # Bengaluru to Mumbai
13-07-2020 10:25:30 INFO SearchFlightsOneWay - Launching website in Chrome
13-07-2020 10:25:35 INFO SearchFlightsOneWay - clicking flights tab
13-07-2020 10:25:36 INFO SearchFlightsOneWay - clicking 'one-way' in flights tab
13-07-2020 10:25:37 INFO SearchFlightsOneWay - providing origin city for one - way flights # Bengaluru to Mumbai
13-07-2020 10:25:40 INFO SearchFlightsOneWay - providing destination city for one - way flights # Bengaluru to Mumbai
13-07-2020 10:27:56 INFO SearchFlightsOneWay - Launching website in Chrome
13-07-2020 10:28:03 INFO SearchFlightsOneWay - clicking flights tab
13-07-2020 10:28:03 INFO SearchFlightsOneWay - clicking 'one-way' in flights tab
13-07-2020 10:28:04 INFO SearchFlightsOneWay - providing origin city for one - way flights # Bengaluru to Mumbai
13-07-2020 10:28:08 INFO SearchFlightsOneWay - providing destination city for one - way flights # Bengaluru to Mumbai
13-07-2020 10:30:49 INFO SearchFlightsOneWay - Launching website in Chrome
13-07-2020 10:30:55 INFO SearchFlightsOneWay - clicking flights tab
13-07-2020 10:30:55 INFO SearchFlightsOneWay - clicking 'one-way' in flights tab
13-07-2020 10:30:56 INFO SearchFlightsOneWay - providing origin city for one - way flights # Bengaluru to Mumbai
13-07-2020 10:31:00 INFO SearchFlightsOneWay - providing destination city for one - way flights # Bengaluru to Mumbai
13-07-2020 10:31:06 INFO SearchFlightsOneWay - Providing departure date # Bengaluru to Mumbai
13-07-2020 10:41:23 INFO SearchFlightsOneWay - Launching website in Chrome
13-07-2020 10:41:29 INFO SearchFlightsOneWay - clicking flights tab
13-07-2020 10:41:30 INFO SearchFlightsOneWay - clicking 'one-way' in flights tab
13-07-2020 10:41:31 INFO SearchFlightsOneWay - providing origin city for one - way flights # Bengaluru to Mumbai
13-07-2020 10:41:35 INFO SearchFlightsOneWay - providing destination city for one - way flights # Bengaluru to Mumbai
13-07-2020 10:45:54 INFO SearchFlightsOneWay - Launching website in Chrome
13-07-2020 10:45:59 INFO SearchFlightsOneWay - clicking flights tab
13-07-2020 10:46:00 INFO SearchFlightsOneWay - clicking 'one-way' in flights tab
13-07-2020 10:46:01 INFO SearchFlightsOneWay - providing origin city for one - way flights # Bengaluru to Mumbai
13-07-2020 10:46:05 INFO SearchFlightsOneWay - providing destination city for one - way flights # Bengaluru to Mumbai
13-07-2020 10:48:37 INFO SearchFlightsOneWay - Launching website in Chrome
13-07-2020 10:50:42 INFO SearchFlightsOneWay - Launching website in Chrome
13-07-2020 10:50:48 INFO SearchFlightsOneWay - clicking flights tab
13-07-2020 10:50:48 INFO SearchFlightsOneWay - clicking 'one-way' in flights tab
13-07-2020 10:50:49 INFO SearchFlightsOneWay - providing origin city for one - way flights # Bengaluru to Mumbai
13-07-2020 10:50:53 INFO SearchFlightsOneWay - providing destination city for one - way flights # Bengaluru to Mumbai
13-07-2020 10:51:09 INFO SearchFlightsOneWay - Providing departure date # Bengaluru to Mumbai
13-07-2020 10:54:13 INFO SearchFlightsOneWay - Launching website in Chrome
13-07-2020 10:54:19 INFO SearchFlightsOneWay - clicking flights tab
13-07-2020 10:54:20 INFO SearchFlightsOneWay - clicking 'one-way' in flights tab
13-07-2020 10:54:21 INFO SearchFlightsOneWay - providing origin city for one - way flights # Bengaluru to Mumbai
13-07-2020 10:54:25 INFO SearchFlightsOneWay - providing destination city for one - way flights # Bengaluru to Mumbai
13-07-2020 10:54:34 INFO SearchFlightsOneWay - Providing departure date # Bengaluru to Mumbai
