11-07-2020 14:22:43 INFO SearchFlightsOneWay - Launching website in Chrome
11-07-2020 17:31:58 INFO SearchFlightsOneWay - Launching website in Chrome
11-07-2020 17:32:14 INFO SearchFlightsOneWay - clicking flights tab
11-07-2020 17:32:14 INFO SearchFlightsOneWay - clicking 'one-way' in flights tab
11-07-2020 17:32:19 INFO SearchFlightsOneWay - providing origin city for one - way flights # Bengaluru to Mumbai
11-07-2020 18:28:42 INFO SearchFlightsOneWay - Launching website in Chrome
11-07-2020 18:28:56 INFO SearchFlightsOneWay - clicking flights tab
11-07-2020 18:28:56 INFO SearchFlightsOneWay - clicking 'one-way' in flights tab
11-07-2020 18:28:57 INFO SearchFlightsOneWay - providing origin city for one - way flights # Bengaluru to Mumbai
11-07-2020 18:29:49 INFO SearchFlightsOneWay - Launching website in Chrome
11-07-2020 18:29:55 INFO SearchFlightsOneWay - clicking flights tab
11-07-2020 18:29:56 INFO SearchFlightsOneWay - clicking 'one-way' in flights tab
11-07-2020 18:29:57 INFO SearchFlightsOneWay - providing origin city for one - way flights # Bengaluru to Mumbai
11-07-2020 18:38:15 INFO SearchFlightsOneWay - Launching website in Chrome
11-07-2020 18:38:21 INFO SearchFlightsOneWay - clicking flights tab
11-07-2020 18:38:21 INFO SearchFlightsOneWay - clicking 'one-way' in flights tab
11-07-2020 18:38:22 INFO SearchFlightsOneWay - providing origin city for one - way flights # Bengaluru to Mumbai
11-07-2020 18:38:26 INFO SearchFlightsOneWay - providing destination city for one - way flights # Bengaluru to Mumbai
11-07-2020 19:04:51 INFO SearchFlightsOneWay - Launching website in Chrome
11-07-2020 19:04:58 INFO SearchFlightsOneWay - clicking flights tab
11-07-2020 19:04:59 INFO SearchFlightsOneWay - clicking 'one-way' in flights tab
11-07-2020 19:05:00 INFO SearchFlightsOneWay - providing origin city for one - way flights # Bengaluru to Mumbai
11-07-2020 19:05:04 INFO SearchFlightsOneWay - providing destination city for one - way flights # Bengaluru to Mumbai
11-07-2020 19:05:08 INFO SearchFlightsOneWay - Providing departure date # Bengaluru to Mumbai
11-07-2020 19:06:02 INFO SearchFlightsOneWay - Launching website in Chrome
11-07-2020 19:06:08 INFO SearchFlightsOneWay - clicking flights tab
11-07-2020 19:06:08 INFO SearchFlightsOneWay - clicking 'one-way' in flights tab
11-07-2020 19:06:09 INFO SearchFlightsOneWay - providing origin city for one - way flights # Bengaluru to Mumbai
11-07-2020 19:06:13 INFO SearchFlightsOneWay - providing destination city for one - way flights # Bengaluru to Mumbai
11-07-2020 19:07:08 INFO SearchFlightsOneWay - Launching website in Chrome
11-07-2020 19:07:14 INFO SearchFlightsOneWay - clicking flights tab
11-07-2020 19:07:14 INFO SearchFlightsOneWay - clicking 'one-way' in flights tab
11-07-2020 19:07:15 INFO SearchFlightsOneWay - providing origin city for one - way flights # Bengaluru to Mumbai
11-07-2020 19:07:18 INFO SearchFlightsOneWay - providing destination city for one - way flights # Bengaluru to Mumbai
11-07-2020 19:12:55 INFO SearchFlightsOneWay - Launching website in Chrome
11-07-2020 19:13:01 INFO SearchFlightsOneWay - clicking flights tab
11-07-2020 19:13:02 INFO SearchFlightsOneWay - clicking 'one-way' in flights tab
11-07-2020 19:13:03 INFO SearchFlightsOneWay - providing origin city for one - way flights # Bengaluru to Mumbai
11-07-2020 19:13:06 INFO SearchFlightsOneWay - providing destination city for one - way flights # Bengaluru to Mumbai
11-07-2020 19:13:10 INFO SearchFlightsOneWay - Providing departure date # Bengaluru to Mumbai
11-07-2020 19:15:14 INFO SearchFlightsOneWay - Launching website in Chrome
11-07-2020 19:15:21 INFO SearchFlightsOneWay - clicking flights tab
11-07-2020 19:15:21 INFO SearchFlightsOneWay - clicking 'one-way' in flights tab
11-07-2020 19:15:23 INFO SearchFlightsOneWay - providing origin city for one - way flights # Bengaluru to Mumbai
11-07-2020 19:15:27 INFO SearchFlightsOneWay - providing destination city for one - way flights # Bengaluru to Mumbai
11-07-2020 19:15:30 INFO SearchFlightsOneWay - Providing departure date # Bengaluru to Mumbai
11-07-2020 19:18:43 INFO SearchFlightsOneWay - Launching website in Chrome
11-07-2020 19:18:49 INFO SearchFlightsOneWay - clicking flights tab
11-07-2020 19:18:50 INFO SearchFlightsOneWay - clicking 'one-way' in flights tab
11-07-2020 19:18:50 INFO SearchFlightsOneWay - providing origin city for one - way flights # Bengaluru to Mumbai
11-07-2020 19:18:54 INFO SearchFlightsOneWay - providing destination city for one - way flights # Bengaluru to Mumbai
11-07-2020 19:18:58 INFO SearchFlightsOneWay - Providing departure date # Bengaluru to Mumbai
11-07-2020 19:25:47 INFO SearchFlightsOneWay - Launching website in Chrome
11-07-2020 19:25:54 INFO SearchFlightsOneWay - clicking flights tab
11-07-2020 19:25:54 INFO SearchFlightsOneWay - clicking 'one-way' in flights tab
11-07-2020 19:25:55 INFO SearchFlightsOneWay - providing origin city for one - way flights # Bengaluru to Mumbai
11-07-2020 19:25:59 INFO SearchFlightsOneWay - providing destination city for one - way flights # Bengaluru to Mumbai
11-07-2020 20:21:46 INFO SearchFlightsOneWay - Launching website in Chrome
11-07-2020 20:21:51 INFO SearchFlightsOneWay - clicking flights tab
11-07-2020 20:21:52 INFO SearchFlightsOneWay - clicking 'one-way' in flights tab
11-07-2020 20:21:52 INFO SearchFlightsOneWay - providing origin city for one - way flights # Bengaluru to Mumbai
11-07-2020 20:21:56 INFO SearchFlightsOneWay - providing destination city for one - way flights # Bengaluru to Mumbai
11-07-2020 20:21:59 INFO SearchFlightsOneWay - Providing departure date # Bengaluru to Mumbai
11-07-2020 20:23:38 INFO SearchFlightsOneWay - Launching website in Chrome
11-07-2020 20:23:44 INFO SearchFlightsOneWay - clicking flights tab
11-07-2020 20:23:44 INFO SearchFlightsOneWay - clicking 'one-way' in flights tab
11-07-2020 20:23:45 INFO SearchFlightsOneWay - providing origin city for one - way flights # Bengaluru to Mumbai
11-07-2020 20:23:48 INFO SearchFlightsOneWay - providing destination city for one - way flights # Bengaluru to Mumbai
11-07-2020 20:23:52 INFO SearchFlightsOneWay - Providing departure date # Bengaluru to Mumbai
11-07-2020 20:27:55 INFO SearchFlightsOneWay - Launching website in Chrome
11-07-2020 20:28:01 INFO SearchFlightsOneWay - clicking flights tab
11-07-2020 20:28:01 INFO SearchFlightsOneWay - clicking 'one-way' in flights tab
11-07-2020 20:28:02 INFO SearchFlightsOneWay - providing origin city for one - way flights # Bengaluru to Mumbai
11-07-2020 20:28:06 INFO SearchFlightsOneWay - providing destination city for one - way flights # Bengaluru to Mumbai
11-07-2020 20:28:10 INFO SearchFlightsOneWay - Providing departure date # Bengaluru to Mumbai
11-07-2020 20:29:22 INFO SearchFlightsOneWay - Launching website in Chrome
11-07-2020 20:29:27 INFO SearchFlightsOneWay - clicking flights tab
11-07-2020 20:29:28 INFO SearchFlightsOneWay - clicking 'one-way' in flights tab
11-07-2020 20:29:28 INFO SearchFlightsOneWay - providing origin city for one - way flights # Bengaluru to Mumbai
11-07-2020 20:29:32 INFO SearchFlightsOneWay - providing destination city for one - way flights # Bengaluru to Mumbai
11-07-2020 20:29:36 INFO SearchFlightsOneWay - Providing departure date # Bengaluru to Mumbai
11-07-2020 20:30:33 INFO SearchFlightsOneWay - Launching website in Chrome
11-07-2020 20:30:38 INFO SearchFlightsOneWay - clicking flights tab
11-07-2020 20:30:39 INFO SearchFlightsOneWay - clicking 'one-way' in flights tab
11-07-2020 20:30:39 INFO SearchFlightsOneWay - providing origin city for one - way flights # Bengaluru to Mumbai
11-07-2020 20:30:43 INFO SearchFlightsOneWay - providing destination city for one - way flights # Bengaluru to Mumbai
11-07-2020 20:30:50 INFO SearchFlightsOneWay - Providing departure date # Bengaluru to Mumbai
11-07-2020 20:31:32 INFO SearchFlightsOneWay - Launching website in Chrome
11-07-2020 20:31:38 INFO SearchFlightsOneWay - clicking flights tab
11-07-2020 20:31:38 INFO SearchFlightsOneWay - clicking 'one-way' in flights tab
11-07-2020 20:31:39 INFO SearchFlightsOneWay - providing origin city for one - way flights # Bengaluru to Mumbai
11-07-2020 20:31:43 INFO SearchFlightsOneWay - providing destination city for one - way flights # Bengaluru to Mumbai
11-07-2020 20:31:49 INFO SearchFlightsOneWay - Providing departure date # Bengaluru to Mumbai
11-07-2020 20:32:34 INFO SearchFlightsOneWay - Launching website in Chrome
11-07-2020 20:32:39 INFO SearchFlightsOneWay - clicking flights tab
11-07-2020 20:32:40 INFO SearchFlightsOneWay - clicking 'one-way' in flights tab
11-07-2020 20:32:41 INFO SearchFlightsOneWay - providing origin city for one - way flights # Bengaluru to Mumbai
11-07-2020 20:32:44 INFO SearchFlightsOneWay - providing destination city for one - way flights # Bengaluru to Mumbai
11-07-2020 20:32:51 INFO SearchFlightsOneWay - Providing departure date # Bengaluru to Mumbai
