29-07-2020 11:38:38 INFO SearchFlightsOneWay - Launching website in Chrome
29-07-2020 11:38:47 INFO SearchFlightsOneWay - clicking flights tab
29-07-2020 11:38:48 INFO SearchFlightsOneWay - clicking 'one-way' in flights tab
29-07-2020 11:38:53 INFO SearchFlightsOneWay - clicking flights tab
29-07-2020 11:38:53 INFO SearchFlightsOneWay - clicking 'one-way' in flights tab
29-07-2020 11:38:55 INFO SearchFlightsOneWay - providing origin city for one - way flights # Bhubaneshwar to hyderabad
29-07-2020 11:38:59 INFO SearchFlightsOneWay - providing destination city for one - way flights # Bhubaneshwar to hyderabad
29-07-2020 11:39:04 INFO SearchFlightsOneWay - Providing departure date # Bhubaneshwar to hyderabad
29-07-2020 11:39:17 INFO SearchFlightsOneWay - clicking on the 'submit' button # Bhubaneshwar to hyderabad
29-07-2020 11:39:31 INFO SearchFlightsOneWay - clicking flights tab
29-07-2020 11:39:31 INFO SearchFlightsOneWay - clicking 'one-way' in flights tab
29-07-2020 11:39:33 INFO SearchFlightsOneWay - providing origin city for one - way flights # delhi to Chennai
29-07-2020 11:39:37 INFO SearchFlightsOneWay - providing destination city for one - way flights # delhi to Chennai
29-07-2020 11:39:50 INFO SearchFlightsOneWay - Providing departure date # delhi to Chennai
29-07-2020 11:40:00 INFO SearchFlightsOneWay - clicking on the 'submit' button # delhi to Chennai
29-07-2020 11:40:10 INFO SearchFlightsOneWay - clicking flights tab
29-07-2020 11:40:11 INFO SearchFlightsOneWay - clicking 'one-way' in flights tab
29-07-2020 11:40:12 INFO SearchFlightsOneWay - providing origin city for one - way flights # Chennai to Trivandrum
29-07-2020 11:40:16 INFO SearchFlightsOneWay - providing destination city for one - way flights # Chennai to Trivandrum
29-07-2020 11:40:48 INFO SearchFlightsOneWay - clicking flights tab
29-07-2020 11:40:49 INFO SearchFlightsOneWay - clicking 'one-way' in flights tab
29-07-2020 11:40:50 INFO SearchFlightsOneWay - providing origin city for one - way flights # Delhi to mumbai
29-07-2020 11:40:54 INFO SearchFlightsOneWay - providing destination city for one - way flights # Delhi to mumbai
29-07-2020 12:02:42 INFO SearchFlightsOneWay - Launching website in Chrome
29-07-2020 12:02:47 INFO SearchFlightsOneWay - clicking flights tab
29-07-2020 12:02:48 INFO SearchFlightsOneWay - clicking 'one-way' in flights tab
29-07-2020 12:02:50 INFO SearchFlightsOneWay - providing origin city for one - way flights # Bengaluru to Mumbai
29-07-2020 12:02:54 INFO SearchFlightsOneWay - providing destination city for one - way flights # Bengaluru to Mumbai
29-07-2020 12:02:58 INFO SearchFlightsOneWay - Providing departure date # Bengaluru to Mumbai
29-07-2020 12:03:07 INFO SearchFlightsOneWay - clicking on the 'submit' button # Bengaluru to Mumbai
29-07-2020 12:04:04 INFO SearchFlightsOneWay - Launching website in Chrome
29-07-2020 12:04:10 INFO SearchFlightsOneWay - clicking flights tab
29-07-2020 12:04:10 INFO SearchFlightsOneWay - clicking 'one-way' in flights tab
29-07-2020 12:04:15 INFO SearchFlightsOneWay - clicking flights tab
29-07-2020 12:04:15 INFO SearchFlightsOneWay - clicking 'one-way' in flights tab
29-07-2020 12:04:17 INFO SearchFlightsOneWay - providing origin city for one - way flights # Bhubaneshwar to hyderabad
29-07-2020 12:04:20 INFO SearchFlightsOneWay - providing destination city for one - way flights # Bhubaneshwar to hyderabad
29-07-2020 12:04:25 INFO SearchFlightsOneWay - Providing departure date # Bhubaneshwar to hyderabad
29-07-2020 12:04:39 INFO SearchFlightsOneWay - clicking on the 'submit' button # Bhubaneshwar to hyderabad
29-07-2020 12:07:48 INFO SearchFlightsOneWay - Launching website in Chrome
29-07-2020 12:07:54 INFO SearchFlightsOneWay - clicking flights tab
29-07-2020 12:07:54 INFO SearchFlightsOneWay - clicking 'one-way' in flights tab
29-07-2020 12:18:00 INFO SearchFlightsOneWay - Launching website in Chrome
29-07-2020 12:18:06 INFO SearchFlightsOneWay - clicking flights tab
29-07-2020 12:18:06 INFO SearchFlightsOneWay - clicking 'one-way' in flights tab
29-07-2020 12:18:09 INFO SearchFlightsOneWay - providing origin city for one - way flights # Bengaluru to Mumbai
29-07-2020 12:18:13 INFO SearchFlightsOneWay - providing destination city for one - way flights # Bengaluru to Mumbai
29-07-2020 12:18:25 INFO SearchFlightsOneWay - Providing departure date # Bengaluru to Mumbai
29-07-2020 12:18:41 INFO SearchFlightsOneWay - clicking on the 'submit' button # Bengaluru to Mumbai
