05-11-2019 07:52:44 INFO SearchFlightsOneWay - Launching website in Chrome
05-11-2019 09:08:04 INFO SearchFlightsOneWay - Launching website in Chrome
05-11-2019 09:25:39 INFO SearchFlightsOneWay - Launching website in Chrome
05-11-2019 09:31:05 INFO SearchFlightsOneWay - Launching website in Chrome
05-11-2019 09:31:11 INFO SearchFlightsOneWay - clicking flights tab
05-11-2019 09:31:11 INFO SearchFlightsOneWay - clicking 'one-way' in flights tab
05-11-2019 09:31:13 INFO SearchFlightsOneWay - providing origin city for one - way flights # Bangalore to Mumbai
05-11-2019 09:31:16 INFO SearchFlightsOneWay - providing destination city for one - way flights # Bangalore to Mumbai
05-11-2019 09:31:22 INFO SearchFlightsOneWay - Providing departure date # Bangalore to Mumbai
05-11-2019 09:31:28 INFO SearchFlightsOneWay - clicking on the 'submit' button # Bangalore to Mumbai
05-11-2019 09:31:39 INFO SearchFlightsOneWay - clicking flights tab
05-11-2019 09:31:39 INFO SearchFlightsOneWay - clicking 'one-way' in flights tab
05-11-2019 09:31:40 INFO SearchFlightsOneWay - providing origin city for one - way flights # Bhubaneswar to Hyderabad
05-11-2019 09:31:44 INFO SearchFlightsOneWay - providing destination city for one - way flights # Bhubaneswar to Hyderabad
05-11-2019 09:31:52 INFO SearchFlightsOneWay - Providing departure date # Bhubaneswar to Hyderabad
05-11-2019 09:31:55 INFO SearchFlightsOneWay - clicking on the 'submit' button # Bhubaneswar to Hyderabad
05-11-2019 09:39:05 INFO SearchFlightsOneWay - Launching website in Chrome
05-11-2019 09:39:10 INFO SearchFlightsOneWay - clicking flights tab
05-11-2019 09:39:10 INFO SearchFlightsOneWay - clicking 'one-way' in flights tab
05-11-2019 09:39:12 INFO SearchFlightsOneWay - providing origin city for one - way flights # Bangalore to Mumbai
05-11-2019 09:39:16 INFO SearchFlightsOneWay - providing destination city for one - way flights # Bangalore to Mumbai
05-11-2019 09:39:21 INFO SearchFlightsOneWay - Providing departure date # Bangalore to Mumbai
05-11-2019 09:39:32 INFO SearchFlightsOneWay - clicking on the 'submit' button # Bangalore to Mumbai
05-11-2019 09:39:41 INFO SearchFlightsOneWay - clicking flights tab
05-11-2019 09:39:41 INFO SearchFlightsOneWay - clicking 'one-way' in flights tab
05-11-2019 09:39:42 INFO SearchFlightsOneWay - providing origin city for one - way flights # Bhubaneswar to Hyderabad
05-11-2019 09:39:46 INFO SearchFlightsOneWay - providing destination city for one - way flights # Bhubaneswar to Hyderabad
05-11-2019 09:39:55 INFO SearchFlightsOneWay - Providing departure date # Bhubaneswar to Hyderabad
05-11-2019 09:40:00 INFO SearchFlightsOneWay - clicking on the 'submit' button # Bhubaneswar to Hyderabad
05-11-2019 09:40:12 INFO SearchFlightsOneWay - clicking flights tab
05-11-2019 09:40:12 INFO SearchFlightsOneWay - clicking 'one-way' in flights tab
05-11-2019 09:40:13 INFO SearchFlightsOneWay - providing origin city for one - way flights # New Delhi to Chennai
05-11-2019 09:40:17 INFO SearchFlightsOneWay - providing destination city for one - way flights # New Delhi to Chennai
05-11-2019 09:40:22 INFO SearchFlightsOneWay - Providing departure date # New Delhi to Chennai
05-11-2019 09:40:26 INFO SearchFlightsOneWay - clicking on the 'submit' button # New Delhi to Chennai
05-11-2019 09:40:37 INFO SearchFlightsOneWay - clicking flights tab
05-11-2019 09:40:37 INFO SearchFlightsOneWay - clicking 'one-way' in flights tab
05-11-2019 09:40:38 INFO SearchFlightsOneWay - providing origin city for one - way flights # Chennai to Chennai
05-11-2019 09:40:42 INFO SearchFlightsOneWay - providing destination city for one - way flights # Chennai to Chennai
05-11-2019 09:42:38 INFO SearchFlightsOneWay - Launching website in Chrome
05-11-2019 09:42:44 INFO SearchFlightsOneWay - clicking flights tab
05-11-2019 09:42:44 INFO SearchFlightsOneWay - clicking 'one-way' in flights tab
05-11-2019 09:42:46 INFO SearchFlightsOneWay - providing origin city for one - way flights # Bengaluru to Mumbai
05-11-2019 09:42:49 INFO SearchFlightsOneWay - providing destination city for one - way flights # Bengaluru to Mumbai
05-11-2019 09:42:55 INFO SearchFlightsOneWay - Providing departure date # Bengaluru to Mumbai
05-11-2019 09:43:07 INFO SearchFlightsOneWay - clicking on the 'submit' button # Bengaluru to Mumbai
05-11-2019 09:43:20 INFO SearchFlightsOneWay - clicking flights tab
05-11-2019 09:43:20 INFO SearchFlightsOneWay - clicking 'one-way' in flights tab
05-11-2019 09:43:21 INFO SearchFlightsOneWay - providing origin city for one - way flights # Bhubaneshwar to Hyderabad
05-11-2019 09:43:25 INFO SearchFlightsOneWay - providing destination city for one - way flights # Bhubaneshwar to Hyderabad
05-11-2019 09:43:34 INFO SearchFlightsOneWay - Providing departure date # Bhubaneshwar to Hyderabad
05-11-2019 09:43:44 INFO SearchFlightsOneWay - clicking on the 'submit' button # Bhubaneshwar to Hyderabad
05-11-2019 09:43:54 INFO SearchFlightsOneWay - clicking flights tab
05-11-2019 09:43:54 INFO SearchFlightsOneWay - clicking 'one-way' in flights tab
05-11-2019 09:43:54 INFO SearchFlightsOneWay - providing origin city for one - way flights # New Delhi to Chennai
05-11-2019 09:43:58 INFO SearchFlightsOneWay - providing destination city for one - way flights # New Delhi to Chennai
05-11-2019 09:44:04 INFO SearchFlightsOneWay - Providing departure date # New Delhi to Chennai
05-11-2019 09:44:14 INFO SearchFlightsOneWay - clicking on the 'submit' button # New Delhi to Chennai
05-11-2019 09:44:23 INFO SearchFlightsOneWay - clicking flights tab
05-11-2019 09:44:23 INFO SearchFlightsOneWay - clicking 'one-way' in flights tab
05-11-2019 09:44:24 INFO SearchFlightsOneWay - providing origin city for one - way flights # Chennai to Trivandrum
05-11-2019 09:44:28 INFO SearchFlightsOneWay - providing destination city for one - way flights # Chennai to Trivandrum
05-11-2019 09:44:34 INFO SearchFlightsOneWay - Providing departure date # Chennai to Trivandrum
05-11-2019 09:44:40 INFO SearchFlightsOneWay - clicking on the 'submit' button # Chennai to Trivandrum
05-11-2019 09:44:51 INFO SearchFlightsOneWay - clicking flights tab
05-11-2019 09:44:51 INFO SearchFlightsOneWay - clicking 'one-way' in flights tab
05-11-2019 09:44:52 INFO SearchFlightsOneWay - providing origin city for one - way flights # New Delhi to Mumbai
05-11-2019 09:44:56 INFO SearchFlightsOneWay - providing destination city for one - way flights # New Delhi to Mumbai
05-11-2019 09:46:18 INFO SearchFlightsOneWay - Launching website in Chrome
05-11-2019 09:46:24 INFO SearchFlightsOneWay - clicking flights tab
05-11-2019 09:46:24 INFO SearchFlightsOneWay - clicking 'one-way' in flights tab
05-11-2019 09:46:25 INFO SearchFlightsOneWay - providing origin city for one - way flights # New Delhi to Mumbai
05-11-2019 09:46:29 INFO SearchFlightsOneWay - providing destination city for one - way flights # New Delhi to Mumbai
05-11-2019 09:46:35 INFO SearchFlightsOneWay - Providing departure date # New Delhi to Mumbai
05-11-2019 09:46:44 INFO SearchFlightsOneWay - clicking on the 'submit' button # New Delhi to Mumbai
05-11-2019 09:46:53 INFO SearchFlightsOneWay - clicking flights tab
05-11-2019 09:46:53 INFO SearchFlightsOneWay - clicking 'one-way' in flights tab
05-11-2019 09:46:54 INFO SearchFlightsOneWay - providing origin city for one - way flights # New Delhi to Washington
05-11-2019 09:46:58 INFO SearchFlightsOneWay - providing destination city for one - way flights # New Delhi to Washington
05-11-2019 09:47:04 INFO SearchFlightsOneWay - Providing departure date # New Delhi to Washington
05-11-2019 09:47:27 INFO SearchFlightsOneWay - clicking flights tab
05-11-2019 09:47:27 INFO SearchFlightsOneWay - clicking 'one-way' in flights tab
05-11-2019 09:47:28 INFO SearchFlightsOneWay - providing origin city for one - way flights # Mumbai to London
05-11-2019 09:47:32 INFO SearchFlightsOneWay - providing destination city for one - way flights # Mumbai to London
05-11-2019 09:47:38 INFO SearchFlightsOneWay - Providing departure date # Mumbai to London
