10-12-2020 11:57:06 INFO SearchFlightsOneWay - Launching website in Chrome
10-12-2020 11:57:21 INFO SearchFlightsOneWay - clicking flights tab
10-12-2020 11:57:22 INFO SearchFlightsOneWay - clicking 'one-way' in flights tab
10-12-2020 11:57:24 INFO SearchFlightsOneWay - clicking on the 'submit' button # Bengaluru to Mumbai
10-12-2020 12:03:50 INFO SearchFlightsOneWay - Launching website in Chrome
10-12-2020 12:03:56 INFO SearchFlightsOneWay - clicking flights tab
10-12-2020 12:03:56 INFO SearchFlightsOneWay - clicking 'one-way' in flights tab
10-12-2020 12:03:57 INFO SearchFlightsOneWay - providing origin city for one - way flights # Bengaluru
10-12-2020 12:03:58 INFO SearchFlightsOneWay - providing destination city for one - way flights as Mumbai
10-12-2020 12:05:09 INFO SearchFlightsOneWay - Launching website in Chrome
10-12-2020 12:05:15 INFO SearchFlightsOneWay - clicking flights tab
10-12-2020 12:05:15 INFO SearchFlightsOneWay - clicking 'one-way' in flights tab
10-12-2020 12:05:15 INFO SearchFlightsOneWay - providing origin city for one - way flights # Bengaluru
10-12-2020 12:05:16 INFO SearchFlightsOneWay - providing destination city for one - way flights as Mumbai
10-12-2020 12:06:35 INFO SearchFlightsOneWay - Launching website in Chrome
10-12-2020 12:06:41 INFO SearchFlightsOneWay - clicking flights tab
10-12-2020 12:06:42 INFO SearchFlightsOneWay - clicking 'one-way' in flights tab
10-12-2020 12:06:42 INFO SearchFlightsOneWay - providing origin city for one - way flights # Bengaluru
10-12-2020 12:06:43 INFO SearchFlightsOneWay - providing destination city for one - way flights as Mumbai
10-12-2020 12:12:04 INFO SearchFlightsOneWay - Launching website in Chrome
10-12-2020 12:12:10 INFO SearchFlightsOneWay - clicking flights tab
10-12-2020 12:12:10 INFO SearchFlightsOneWay - clicking 'one-way' in flights tab
10-12-2020 12:12:12 INFO SearchFlightsOneWay - providing origin city for one - way flights # Bengaluru
10-12-2020 12:12:12 INFO SearchFlightsOneWay - providing destination city for one - way flights as Mumbai
10-12-2020 12:12:14 INFO SearchFlightsOneWay - Providing departure date
10-12-2020 12:12:19 INFO SearchFlightsOneWay - clicking on the 'submit' button # Bengaluru to Mumbai
