21-07-2020 11:40:05 INFO SearchFlightsOneWay - Launching website in Chrome
21-07-2020 11:40:13 INFO SearchFlightsOneWay - clicking flights tab
21-07-2020 11:40:14 INFO SearchFlightsOneWay - clicking 'one-way' in flights tab
21-07-2020 11:40:15 INFO SearchFlightsOneWay - providing origin city for one - way flights # Bengaluru to Mumbai
21-07-2020 11:40:18 INFO SearchFlightsOneWay - providing destination city for one - way flights # Bengaluru to Mumbai
21-07-2020 11:47:55 INFO SearchFlightsOneWay - Launching website in Chrome
21-07-2020 11:48:02 INFO SearchFlightsOneWay - clicking flights tab
21-07-2020 11:48:02 INFO SearchFlightsOneWay - clicking 'one-way' in flights tab
21-07-2020 11:48:03 INFO SearchFlightsOneWay - providing origin city for one - way flights # Bengaluru to Mumbai
21-07-2020 11:48:07 INFO SearchFlightsOneWay - providing destination city for one - way flights # Bengaluru to Mumbai
21-07-2020 11:48:13 INFO SearchFlightsOneWay - Providing departure date # Bengaluru to Mumbai
21-07-2020 12:11:44 INFO SearchFlightsOneWay - Launching website in Chrome
21-07-2020 12:11:50 INFO SearchFlightsOneWay - clicking flights tab
21-07-2020 12:11:50 INFO SearchFlightsOneWay - clicking 'one-way' in flights tab
21-07-2020 12:11:51 INFO SearchFlightsOneWay - providing origin city for one - way flights # Bengaluru to Mumbai
21-07-2020 12:11:55 INFO SearchFlightsOneWay - providing destination city for one - way flights # Bengaluru to Mumbai
21-07-2020 12:12:01 INFO SearchFlightsOneWay - Providing departure date # Bengaluru to Mumbai
21-07-2020 12:15:32 INFO SearchFlightsOneWay - Launching website in Chrome
21-07-2020 12:15:38 INFO SearchFlightsOneWay - clicking flights tab
21-07-2020 12:15:38 INFO SearchFlightsOneWay - clicking 'one-way' in flights tab
21-07-2020 12:15:39 INFO SearchFlightsOneWay - providing origin city for one - way flights # Bengaluru to Mumbai
21-07-2020 12:15:43 INFO SearchFlightsOneWay - providing destination city for one - way flights # Bengaluru to Mumbai
21-07-2020 12:15:50 INFO SearchFlightsOneWay - Providing departure date # Bengaluru to Mumbai
21-07-2020 12:18:17 INFO SearchFlightsOneWay - Launching website in Chrome
21-07-2020 12:18:23 INFO SearchFlightsOneWay - clicking flights tab
21-07-2020 12:18:23 INFO SearchFlightsOneWay - clicking 'one-way' in flights tab
21-07-2020 12:18:24 INFO SearchFlightsOneWay - providing origin city for one - way flights # Bengaluru to Mumbai
21-07-2020 12:18:28 INFO SearchFlightsOneWay - providing destination city for one - way flights # Bengaluru to Mumbai
21-07-2020 12:18:35 INFO SearchFlightsOneWay - Providing departure date # Bengaluru to Mumbai
