25-07-2020 21:20:50 INFO SearchFlightsOneWay - Launching website in Chrome
25-07-2020 21:21:03 INFO SearchFlightsOneWay - clicking flights tab
25-07-2020 21:21:03 INFO SearchFlightsOneWay - clicking 'one-way' in flights tab
25-07-2020 21:21:04 INFO SearchFlightsOneWay - providing origin city for one - way flights # Bengaluru to Mumbai
25-07-2020 21:21:08 INFO SearchFlightsOneWay - providing destination city for one - way flights # Bengaluru to Mumbai
25-07-2020 21:21:15 INFO SearchFlightsOneWay - Providing departure date # Bengaluru to Mumbai
25-07-2020 21:43:34 INFO SearchFlightsOneWay - Launching website in Chrome
25-07-2020 21:43:41 INFO SearchFlightsOneWay - clicking flights tab
25-07-2020 21:43:41 INFO SearchFlightsOneWay - clicking 'one-way' in flights tab
25-07-2020 21:43:43 INFO SearchFlightsOneWay - providing origin city for one - way flights # Bengaluru to Mumbai
25-07-2020 21:43:46 INFO SearchFlightsOneWay - providing destination city for one - way flights # Bengaluru to Mumbai
25-07-2020 21:43:53 INFO SearchFlightsOneWay - Providing departure date # Bengaluru to Mumbai
25-07-2020 21:44:12 INFO SearchFlightsOneWay - clicking on the 'submit' button # Bengaluru to Mumbai
25-07-2020 21:47:49 INFO SearchFlightsOneWay - Launching website in Chrome
25-07-2020 21:47:56 INFO SearchFlightsOneWay - clicking flights tab
25-07-2020 21:47:56 INFO SearchFlightsOneWay - clicking 'one-way' in flights tab
25-07-2020 21:47:57 INFO SearchFlightsOneWay - providing origin city for one - way flights # Bengaluru to Mumbai
25-07-2020 21:48:01 INFO SearchFlightsOneWay - providing destination city for one - way flights # Bengaluru to Mumbai
25-07-2020 21:48:07 INFO SearchFlightsOneWay - Providing departure date # Bengaluru to Mumbai
25-07-2020 21:48:22 INFO SearchFlightsOneWay - clicking on the 'submit' button # Bengaluru to Mumbai
25-07-2020 22:12:20 INFO SearchFlightsOneWay - Launching website in Chrome
25-07-2020 22:12:27 INFO SearchFlightsOneWay - clicking flights tab
25-07-2020 22:12:28 INFO SearchFlightsOneWay - clicking 'one-way' in flights tab
25-07-2020 22:12:28 INFO SearchFlightsOneWay - providing origin city for one - way flights # Bengaluru to Mumbai
25-07-2020 22:12:32 INFO SearchFlightsOneWay - providing destination city for one - way flights # Bengaluru to Mumbai
25-07-2020 22:12:39 INFO SearchFlightsOneWay - Providing departure date # Bengaluru to Mumbai
25-07-2020 22:12:48 INFO SearchFlightsOneWay - clicking on the 'submit' button # Bengaluru to Mumbai
25-07-2020 22:12:57 INFO SearchFlightsOneWay - clicking flights tab
25-07-2020 22:12:58 INFO SearchFlightsOneWay - clicking 'one-way' in flights tab
25-07-2020 22:13:05 INFO SearchFlightsOneWay - clicking flights tab
25-07-2020 22:13:06 INFO SearchFlightsOneWay - clicking 'one-way' in flights tab
25-07-2020 22:13:13 INFO SearchFlightsOneWay - clicking flights tab
25-07-2020 22:13:14 INFO SearchFlightsOneWay - clicking 'one-way' in flights tab
25-07-2020 22:13:21 INFO SearchFlightsOneWay - clicking flights tab
25-07-2020 22:13:21 INFO SearchFlightsOneWay - clicking 'one-way' in flights tab
